<?xml version="1.0" encoding="UTF-8"?>
<testsuite name="au.com.cashapp.onlinebank.integration.ApplicationTest" tests="1" skipped="0" failures="0" errors="0" timestamp="2022-02-28T04:45:09" hostname="CMM-C02YN0M7JGH5" time="0.374">
  <properties/>
  <testcase name="springApplicationRun()" classname="au.com.cashapp.onlinebank.integration.ApplicationTest" time="0.374"/>
  <system-out><![CDATA[15:44:52.369 [Test worker] DEBUG org.springframework.test.context.BootstrapUtils - Instantiating CacheAwareContextLoaderDelegate from class [org.springframework.test.context.cache.DefaultCacheAwareContextLoaderDelegate]
15:44:52.426 [Test worker] DEBUG org.springframework.test.context.BootstrapUtils - Instantiating BootstrapContext using constructor [public org.springframework.test.context.support.DefaultBootstrapContext(java.lang.Class,org.springframework.test.context.CacheAwareContextLoaderDelegate)]
15:44:52.598 [Test worker] DEBUG org.springframework.test.context.BootstrapUtils - Instantiating TestContextBootstrapper for test class [au.com.cashapp.onlinebank.integration.ApplicationTest] from class [org.springframework.boot.test.context.SpringBootTestContextBootstrapper]
15:44:52.652 [Test worker] INFO org.springframework.boot.test.context.SpringBootTestContextBootstrapper - Neither @ContextConfiguration nor @ContextHierarchy found for test class [au.com.cashapp.onlinebank.integration.ApplicationTest], using SpringBootContextLoader
15:44:52.664 [Test worker] DEBUG org.springframework.test.context.support.AbstractContextLoader - Did not detect default resource location for test class [au.com.cashapp.onlinebank.integration.ApplicationTest]: class path resource [au/com/cashapp/onlinebank/integration/ApplicationTest-context.xml] does not exist
15:44:52.666 [Test worker] DEBUG org.springframework.test.context.support.AbstractContextLoader - Did not detect default resource location for test class [au.com.cashapp.onlinebank.integration.ApplicationTest]: class path resource [au/com/cashapp/onlinebank/integration/ApplicationTestContext.groovy] does not exist
15:44:52.667 [Test worker] INFO org.springframework.test.context.support.AbstractContextLoader - Could not detect default resource locations for test class [au.com.cashapp.onlinebank.integration.ApplicationTest]: no resource found for suffixes {-context.xml, Context.groovy}.
15:44:52.838 [Test worker] DEBUG org.springframework.test.context.support.ActiveProfilesUtils - Could not find an 'annotation declaring class' for annotation type [org.springframework.test.context.ActiveProfiles] and class [au.com.cashapp.onlinebank.integration.ApplicationTest]
15:44:53.314 [Test worker] DEBUG org.springframework.boot.test.context.SpringBootTestContextBootstrapper - @TestExecutionListeners is not present for class [au.com.cashapp.onlinebank.integration.ApplicationTest]: using defaults.
15:44:53.316 [Test worker] INFO org.springframework.boot.test.context.SpringBootTestContextBootstrapper - Loaded default TestExecutionListener class names from location [META-INF/spring.factories]: [org.springframework.boot.test.autoconfigure.restdocs.RestDocsTestExecutionListener, org.springframework.boot.test.autoconfigure.web.client.MockRestServiceServerResetTestExecutionListener, org.springframework.boot.test.autoconfigure.web.servlet.MockMvcPrintOnlyOnFailureTestExecutionListener, org.springframework.boot.test.autoconfigure.web.servlet.WebDriverTestExecutionListener, org.springframework.boot.test.autoconfigure.webservices.client.MockWebServiceServerTestExecutionListener, org.springframework.boot.test.mock.mockito.MockitoTestExecutionListener, org.springframework.boot.test.mock.mockito.ResetMocksTestExecutionListener, org.springframework.test.context.web.ServletTestExecutionListener, org.springframework.test.context.support.DirtiesContextBeforeModesTestExecutionListener, org.springframework.test.context.event.ApplicationEventsTestExecutionListener, org.springframework.test.context.support.DependencyInjectionTestExecutionListener, org.springframework.test.context.support.DirtiesContextTestExecutionListener, org.springframework.test.context.transaction.TransactionalTestExecutionListener, org.springframework.test.context.jdbc.SqlScriptsTestExecutionListener, org.springframework.test.context.event.EventPublishingTestExecutionListener]
15:44:53.399 [Test worker] INFO org.springframework.boot.test.context.SpringBootTestContextBootstrapper - Using TestExecutionListeners: [org.springframework.test.context.web.ServletTestExecutionListener@ac17a5f3, org.springframework.test.context.support.DirtiesContextBeforeModesTestExecutionListener@53f96c46, org.springframework.test.context.event.ApplicationEventsTestExecutionListener@2ccb3094, org.springframework.boot.test.mock.mockito.MockitoTestExecutionListener@fe934382, org.springframework.boot.test.autoconfigure.SpringBootDependencyInjectionTestExecutionListener@e5b5e7a5, org.springframework.test.context.support.DirtiesContextTestExecutionListener@aad136da, org.springframework.test.context.transaction.TransactionalTestExecutionListener@48c9d1b8, org.springframework.test.context.jdbc.SqlScriptsTestExecutionListener@62719625, org.springframework.test.context.event.EventPublishingTestExecutionListener@92e3b93c, org.springframework.boot.test.autoconfigure.restdocs.RestDocsTestExecutionListener@98339335, org.springframework.boot.test.autoconfigure.web.client.MockRestServiceServerResetTestExecutionListener@b4e496aa, org.springframework.boot.test.autoconfigure.web.servlet.MockMvcPrintOnlyOnFailureTestExecutionListener@9162d499, org.springframework.boot.test.autoconfigure.web.servlet.WebDriverTestExecutionListener@36ecc5e6, org.springframework.boot.test.autoconfigure.webservices.client.MockWebServiceServerTestExecutionListener@86860b66, org.springframework.boot.test.mock.mockito.ResetMocksTestExecutionListener@c0be940d]
15:44:53.417 [Test worker] DEBUG org.springframework.test.context.support.AbstractDirtiesContextTestExecutionListener - Before test class: context [DefaultTestContext@13e8ed21 testClass = ApplicationTest, testInstance = [null], testMethod = [null], testException = [null], mergedContextConfiguration = [WebMergedContextConfiguration@ab90d2c9 testClass = ApplicationTest, locations = '{}', classes = '{class au.com.cashapp.onlinebank.App}', contextInitializerClasses = '[]', activeProfiles = '{}', propertySourceLocations = '{}', propertySourceProperties = '{org.springframework.boot.test.context.SpringBootTestContextBootstrapper=true}', contextCustomizers = set[org.springframework.boot.test.autoconfigure.actuate.metrics.MetricsExportContextCustomizerFactory$DisableMetricExportContextCustomizer@2815d3d3, org.springframework.boot.test.autoconfigure.properties.PropertyMappingContextCustomizer@4b3fa0b3, org.springframework.boot.test.autoconfigure.web.servlet.WebDriverContextCustomizerFactory$Customizer@601094ac, [ImportsContextCustomizer@4abb35a5 key = [org.springframework.boot.test.autoconfigure.web.servlet.MockMvcAutoConfiguration, org.springframework.boot.test.autoconfigure.web.servlet.MockMvcWebClientAutoConfiguration, org.springframework.boot.test.autoconfigure.web.servlet.MockMvcWebDriverAutoConfiguration, org.springframework.boot.autoconfigure.security.oauth2.client.servlet.OAuth2ClientAutoConfiguration, org.springframework.boot.autoconfigure.security.oauth2.resource.servlet.OAuth2ResourceServerAutoConfiguration, org.springframework.boot.autoconfigure.security.servlet.SecurityAutoConfiguration, org.springframework.boot.autoconfigure.security.servlet.SecurityFilterAutoConfiguration, org.springframework.boot.autoconfigure.security.servlet.UserDetailsServiceAutoConfiguration, org.springframework.boot.test.autoconfigure.web.servlet.MockMvcSecurityConfiguration, org.springframework.boot.test.autoconfigure.web.reactive.WebTestClientAutoConfiguration]], org.springframework.boot.test.context.filter.ExcludeFilterContextCustomizer@51894da1, org.springframework.boot.test.json.DuplicateJsonObjectContextCustomizerFactory$DuplicateJsonObjectContextCustomizer@3a1eba6b, org.springframework.boot.test.mock.mockito.MockitoContextCustomizer@0, org.springframework.boot.test.web.client.TestRestTemplateContextCustomizer@207e1914, org.springframework.boot.test.context.SpringBootTestArgs@1, org.springframework.boot.test.context.SpringBootTestWebEnvironment@d4241f3], resourceBasePath = 'src/main/webapp', contextLoader = 'org.springframework.boot.test.context.SpringBootContextLoader', parent = [null]], attributes = map['org.springframework.test.context.web.ServletTestExecutionListener.activateListener' -> true]], class annotated with @DirtiesContext [false] with mode [null].

  .   ____          _            __ _ _
 /\\ / ___'_ __ _ _(_)_ __  __ _ \ \ \ \
( ( )\___ | '_ | '_| | '_ \/ _` | \ \ \ \
 \\/  ___)| |_)| | | | | || (_| |  ) ) ) )
  '  |____| .__|_| |_|_| |_\__, | / / / /
 =========|_|==============|___/=/_/_/_/
 :: Spring Boot ::                (v2.6.3)

2022-02-28 15:44:55:018 [est worker] INFO  nk.integration.ApplicationTest  - Starting ApplicationTest using Java 11.0.7 on CMM-C02YN0M7JGH5 with PID 47270 (started by preethi.ramanujam in /Users/preethi.ramanujam/Documents/Preethi-coding-test/online-bank)
2022-02-28 15:44:55:027 [est worker] INFO  nk.integration.ApplicationTest  - No active profile set, falling back to default profiles: default
2022-02-28 15:45:00:042 [est worker] INFO  zaxxer.hikari.HikariDataSource  - HikariPool-1 - Starting...
2022-02-28 15:45:00:917 [est worker] INFO  zaxxer.hikari.HikariDataSource  - HikariPool-1 - Start completed.
2022-02-28 15:45:01:136 [est worker] INFO  te.jpa.internal.util.LogHelper  - HHH000204: Processing PersistenceUnitInfo [name: default]
2022-02-28 15:45:01:375 [est worker] INFO           org.hibernate.Version  - HHH000412: Hibernate ORM core version 5.6.4.Final
2022-02-28 15:45:01:929 [est worker] INFO  ate.annotations.common.Version  - HCANN000001: Hibernate Commons Annotations {5.1.2.Final}
2022-02-28 15:45:02:462 [est worker] INFO   org.hibernate.dialect.Dialect  - HHH000400: Using dialect: org.hibernate.dialect.H2Dialect
Hibernate: drop table if exists account CASCADE 
Hibernate: drop table if exists account_transactions CASCADE 
Hibernate: drop table if exists transaction CASCADE 
Hibernate: drop sequence if exists hibernate_sequence
Hibernate: create sequence hibernate_sequence start with 1 increment by 1
Hibernate: create table account (id bigint not null, balance decimal(19,2), customer_id bigint not null, status varchar(255), primary key (id))
Hibernate: create table account_transactions (account_id bigint not null, transactions_id bigint not null)
Hibernate: create table transaction (id bigint not null, amount decimal(19,2), remaining_balance decimal(19,2), transaction_type integer, primary key (id))
Hibernate: alter table account_transactions add constraint UK_hwp3451tqfjdhmlqw8ruc7y0k unique (transactions_id)
Hibernate: alter table account_transactions add constraint FKbo9ocnxyf4qmchbuu7nwgfw90 foreign key (transactions_id) references transaction
Hibernate: alter table account_transactions add constraint FKbrn3bd376gr5d364db3tn3rx9 foreign key (account_id) references account
2022-02-28 15:45:05:016 [est worker] INFO  .internal.JtaPlatformInitiator  - HHH000490: Using JtaPlatform implementation: [org.hibernate.engine.transaction.jta.platform.internal.NoJtaPlatform]
2022-02-28 15:45:07:283 [est worker] WARN  figuration$JpaWebConfiguration  - spring.jpa.open-in-view is enabled by default. Therefore, database queries may be performed during view rendering. Explicitly configure spring.jpa.open-in-view to disable this warning
2022-02-28 15:45:08:199 [est worker] INFO  .h2.H2ConsoleAutoConfiguration  - H2 console available at '/h2-console'. Database available at 'jdbc:h2:mem:0a707be8-6e91-448e-9db6-822abd73e081'
2022-02-28 15:45:09:230 [est worker] INFO  b.SpringBootMockServletContext  - Initializing Spring TestDispatcherServlet ''
2022-02-28 15:45:09:299 [est worker] INFO  nk.integration.ApplicationTest  - Started ApplicationTest in 15.692 seconds (JVM running for 20.372)
]]></system-out>
  <system-err><![CDATA[]]></system-err>
</testsuite>
