<?xml version="1.0" encoding="UTF-8"?>
<testsuite name="au.com.cashapp.onlinebank.unit.controller.TransactionControllerTest" tests="5" skipped="0" failures="0" errors="0" timestamp="2022-02-28T04:45:12" hostname="CMM-C02YN0M7JGH5" time="0.344">
  <properties/>
  <testcase name="testCreateNewDebitTransactionSuccess()" classname="au.com.cashapp.onlinebank.unit.controller.TransactionControllerTest" time="0.195"/>
  <testcase name="testCreateNewTransactionInvalidTransaction()" classname="au.com.cashapp.onlinebank.unit.controller.TransactionControllerTest" time="0.043"/>
  <testcase name="testCreateNewCreditTransactionSuccess()" classname="au.com.cashapp.onlinebank.unit.controller.TransactionControllerTest" time="0.047"/>
  <testcase name="testCreateNewTransactionSystemError()" classname="au.com.cashapp.onlinebank.unit.controller.TransactionControllerTest" time="0.029"/>
  <testcase name="testCreateNewTransactionInvalidAccountId()" classname="au.com.cashapp.onlinebank.unit.controller.TransactionControllerTest" time="0.027"/>
  <system-out><![CDATA[2022-02-28 15:45:11:853 [est worker] INFO  .WebMvcTestContextBootstrapper  - Neither @ContextConfiguration nor @ContextHierarchy found for test class [au.com.cashapp.onlinebank.unit.controller.TransactionControllerTest], using SpringBootContextLoader
2022-02-28 15:45:11:867 [est worker] INFO  ingBootTestContextBootstrapper  - Found @SpringBootConfiguration au.com.cashapp.onlinebank.App for test class au.com.cashapp.onlinebank.unit.controller.TransactionControllerTest
2022-02-28 15:45:11:870 [est worker] INFO  .WebMvcTestContextBootstrapper  - Loaded default TestExecutionListener class names from location [META-INF/spring.factories]: [org.springframework.boot.test.autoconfigure.restdocs.RestDocsTestExecutionListener, org.springframework.boot.test.autoconfigure.web.client.MockRestServiceServerResetTestExecutionListener, org.springframework.boot.test.autoconfigure.web.servlet.MockMvcPrintOnlyOnFailureTestExecutionListener, org.springframework.boot.test.autoconfigure.web.servlet.WebDriverTestExecutionListener, org.springframework.boot.test.autoconfigure.webservices.client.MockWebServiceServerTestExecutionListener, org.springframework.boot.test.mock.mockito.MockitoTestExecutionListener, org.springframework.boot.test.mock.mockito.ResetMocksTestExecutionListener, org.springframework.test.context.web.ServletTestExecutionListener, org.springframework.test.context.support.DirtiesContextBeforeModesTestExecutionListener, org.springframework.test.context.event.ApplicationEventsTestExecutionListener, org.springframework.test.context.support.DependencyInjectionTestExecutionListener, org.springframework.test.context.support.DirtiesContextTestExecutionListener, org.springframework.test.context.transaction.TransactionalTestExecutionListener, org.springframework.test.context.jdbc.SqlScriptsTestExecutionListener, org.springframework.test.context.event.EventPublishingTestExecutionListener]
2022-02-28 15:45:11:871 [est worker] INFO  .WebMvcTestContextBootstrapper  - Using TestExecutionListeners: [org.springframework.test.context.web.ServletTestExecutionListener@64c32d25, org.springframework.test.context.support.DirtiesContextBeforeModesTestExecutionListener@9dafef6c, org.springframework.test.context.event.ApplicationEventsTestExecutionListener@baa16472, org.springframework.boot.test.mock.mockito.MockitoTestExecutionListener@2f818db0, org.springframework.boot.test.autoconfigure.SpringBootDependencyInjectionTestExecutionListener@13c1c957, org.springframework.test.context.support.DirtiesContextTestExecutionListener@817a8690, org.springframework.test.context.transaction.TransactionalTestExecutionListener@fc9549ff, org.springframework.test.context.jdbc.SqlScriptsTestExecutionListener@9d183aab, org.springframework.test.context.event.EventPublishingTestExecutionListener@84d3df00, org.springframework.boot.test.autoconfigure.restdocs.RestDocsTestExecutionListener@ef962ab5, org.springframework.boot.test.autoconfigure.web.client.MockRestServiceServerResetTestExecutionListener@8503418, org.springframework.boot.test.autoconfigure.web.servlet.MockMvcPrintOnlyOnFailureTestExecutionListener@bf6eba57, org.springframework.boot.test.autoconfigure.web.servlet.WebDriverTestExecutionListener@8f171761, org.springframework.boot.test.autoconfigure.webservices.client.MockWebServiceServerTestExecutionListener@50e01a7d, org.springframework.boot.test.mock.mockito.ResetMocksTestExecutionListener@706f4cd]

  .   ____          _            __ _ _
 /\\ / ___'_ __ _ _(_)_ __  __ _ \ \ \ \
( ( )\___ | '_ | '_| | '_ \/ _` | \ \ \ \
 \\/  ___)| |_)| | | | | || (_| |  ) ) ) )
  '  |____| .__|_| |_|_| |_\__, | / / / /
 =========|_|==============|___/=/_/_/_/
 :: Spring Boot ::                (v2.6.3)

2022-02-28 15:45:11:935 [est worker] INFO  ller.TransactionControllerTest  - Starting TransactionControllerTest using Java 11.0.7 on CMM-C02YN0M7JGH5 with PID 47270 (started by preethi.ramanujam in /Users/preethi.ramanujam/Documents/Preethi-coding-test/online-bank)
2022-02-28 15:45:11:936 [est worker] INFO  ller.TransactionControllerTest  - No active profile set, falling back to default profiles: default
2022-02-28 15:45:12:933 [est worker] INFO  b.SpringBootMockServletContext  - Initializing Spring TestDispatcherServlet ''
2022-02-28 15:45:12:977 [est worker] INFO  ller.TransactionControllerTest  - Started TransactionControllerTest in 1.102 seconds (JVM running for 24.05)
2022-02-28 15:45:13:152 [est worker] INFO  ntroller.TransactionController  - Entering activate phone number for customer 123

MockHttpServletRequest:
      HTTP Method = POST
      Request URI = /v1/accounts/123/transaction
       Parameters = {}
          Headers = [Content-Type:"application/json;charset=UTF-8", Content-Length:"42"]
             Body = {"transactionType":"WithDraw","amount":10}
    Session Attrs = {}

Handler:
             Type = au.com.cashapp.onlinebank.controller.TransactionController
           Method = au.com.cashapp.onlinebank.controller.TransactionController#createNewTransaction(long, TransactionRequest)

Async:
    Async started = false
     Async result = null

Resolved Exception:
             Type = null

ModelAndView:
        View name = null
             View = null
            Model = null

FlashMap:
       Attributes = null

MockHttpServletResponse:
           Status = 200
    Error message = null
          Headers = [Content-Type:"application/json"]
     Content type = application/json
             Body = {"balance":10}
    Forwarded URL = null
   Redirected URL = null
          Cookies = []
2022-02-28 15:45:13:209 [est worker] INFO  ntroller.TransactionController  - Entering activate phone number for customer 123
2022-02-28 15:45:13:253 [est worker] INFO  ntroller.TransactionController  - Entering activate phone number for customer 123

MockHttpServletRequest:
      HTTP Method = POST
      Request URI = /v1/accounts/123/transaction
       Parameters = {}
          Headers = [Content-Type:"application/json;charset=UTF-8", Content-Length:"41"]
             Body = {"transactionType":"Deposit","amount":10}
    Session Attrs = {}

Handler:
             Type = au.com.cashapp.onlinebank.controller.TransactionController
           Method = au.com.cashapp.onlinebank.controller.TransactionController#createNewTransaction(long, TransactionRequest)

Async:
    Async started = false
     Async result = null

Resolved Exception:
             Type = null

ModelAndView:
        View name = null
             View = null
            Model = null

FlashMap:
       Attributes = null

MockHttpServletResponse:
           Status = 200
    Error message = null
          Headers = [Content-Type:"application/json"]
     Content type = application/json
             Body = {"balance":10}
    Forwarded URL = null
   Redirected URL = null
          Cookies = []
2022-02-28 15:45:13:298 [est worker] INFO  ntroller.TransactionController  - Entering activate phone number for customer 123
2022-02-28 15:45:13:302 [est worker] ERROR ception.GlobalExceptionHandler  - null
2022-02-28 15:45:13:327 [est worker] INFO  ntroller.TransactionController  - Entering activate phone number for customer 123
]]></system-out>
  <system-err><![CDATA[]]></system-err>
</testsuite>
